{"/home/ishwargautam/Desktop/Assignments/Practitioner_Profile_Management/server/src/apiConfig.ts": {"path":"/home/ishwargautam/Desktop/Assignments/Practitioner_Profile_Management/server/src/apiConfig.ts","statementMap":{"0":{"start":{"line":1,"column":13},"end":{"line":1,"column":37}},"1":{"start":{"line":2,"column":13},"end":{"line":2,"column":51}},"2":{"start":{"line":3,"column":13},"end":{"line":4,"column":44}},"3":{"start":{"line":5,"column":13},"end":{"line":6,"column":45}},"4":{"start":{"line":7,"column":13},"end":{"line":7,"column":51}},"5":{"start":{"line":8,"column":13},"end":{"line":8,"column":51}},"6":{"start":{"line":9,"column":13},"end":{"line":9,"column":57}},"7":{"start":{"line":10,"column":13},"end":{"line":10,"column":57}},"8":{"start":{"line":11,"column":13},"end":{"line":11,"column":57}},"9":{"start":{"line":12,"column":13},"end":{"line":12,"column":57}}},"fnMap":{},"branchMap":{"0":{"loc":{"start":{"line":4,"column":2},"end":{"line":4,"column":43}},"type":"binary-expr","locations":[{"start":{"line":4,"column":2},"end":{"line":4,"column":37}},{"start":{"line":4,"column":41},"end":{"line":4,"column":43}}]},"1":{"loc":{"start":{"line":6,"column":2},"end":{"line":6,"column":44}},"type":"binary-expr","locations":[{"start":{"line":6,"column":2},"end":{"line":6,"column":38}},{"start":{"line":6,"column":42},"end":{"line":6,"column":44}}]}},"s":{"0":7,"1":7,"2":7,"3":7,"4":7,"5":7,"6":7,"7":7,"8":7,"9":7},"f":{},"b":{"0":[7,6],"1":[7,6]}}
,"/home/ishwargautam/Desktop/Assignments/Practitioner_Profile_Management/server/src/models/practitioner.model.ts": {"path":"/home/ishwargautam/Desktop/Assignments/Practitioner_Profile_Management/server/src/models/practitioner.model.ts","statementMap":{"0":{"start":{"line":1,"column":0},"end":{"line":1,"column":32}},"1":{"start":{"line":3,"column":27},"end":{"line":40,"column":null}},"2":{"start":{"line":43,"column":13},"end":{"line":46,"column":2}}},"fnMap":{},"branchMap":{},"s":{"0":4,"1":4,"2":4},"f":{},"b":{}}
,"/home/ishwargautam/Desktop/Assignments/Practitioner_Profile_Management/server/src/models/user.model.ts": {"path":"/home/ishwargautam/Desktop/Assignments/Practitioner_Profile_Management/server/src/models/user.model.ts","statementMap":{"0":{"start":{"line":1,"column":0},"end":{"line":1,"column":32}},"1":{"start":{"line":3,"column":19},"end":{"line":21,"column":null}},"2":{"start":{"line":24,"column":13},"end":{"line":24,"column":60}}},"fnMap":{},"branchMap":{},"s":{"0":6,"1":6,"2":6},"f":{},"b":{}}
,"/home/ishwargautam/Desktop/Assignments/Practitioner_Profile_Management/server/src/services/practitioner.service.ts": {"path":"/home/ishwargautam/Desktop/Assignments/Practitioner_Profile_Management/server/src/services/practitioner.service.ts","statementMap":{"0":{"start":{"line":1,"column":0},"end":{"line":1,"column":56}},"1":{"start":{"line":2,"column":0},"end":{"line":2,"column":65}},"2":{"start":{"line":22,"column":31},"end":{"line":58,"column":1}},"3":{"start":{"line":32,"column":6},"end":{"line":32,"column":13}},"4":{"start":{"line":34,"column":26},"end":{"line":43,"column":4}},"5":{"start":{"line":45,"column":2},"end":{"line":57,"column":null}},"6":{"start":{"line":46,"column":33},"end":{"line":46,"column":75}},"7":{"start":{"line":48,"column":4},"end":{"line":50,"column":null}},"8":{"start":{"line":49,"column":6},"end":{"line":49,"column":64}},"9":{"start":{"line":52,"column":4},"end":{"line":52,"column":33}},"10":{"start":{"line":54,"column":4},"end":{"line":54,"column":48}},"11":{"start":{"line":56,"column":4},"end":{"line":56,"column":57}},"12":{"start":{"line":22,"column":13},"end":{"line":22,"column":31}},"13":{"start":{"line":66,"column":31},"end":{"line":74,"column":1}},"14":{"start":{"line":67,"column":2},"end":{"line":73,"column":null}},"15":{"start":{"line":68,"column":25},"end":{"line":68,"column":66}},"16":{"start":{"line":70,"column":4},"end":{"line":70,"column":46}},"17":{"start":{"line":72,"column":4},"end":{"line":72,"column":57}},"18":{"start":{"line":66,"column":13},"end":{"line":66,"column":31}},"19":{"start":{"line":81,"column":34},"end":{"line":89,"column":1}},"20":{"start":{"line":82,"column":2},"end":{"line":88,"column":null}},"21":{"start":{"line":83,"column":26},"end":{"line":83,"column":56}},"22":{"start":{"line":85,"column":4},"end":{"line":85,"column":41}},"23":{"start":{"line":87,"column":4},"end":{"line":87,"column":57}},"24":{"start":{"line":81,"column":13},"end":{"line":81,"column":34}},"25":{"start":{"line":98,"column":34},"end":{"line":145,"column":1}},"26":{"start":{"line":112,"column":6},"end":{"line":112,"column":13}},"27":{"start":{"line":114,"column":26},"end":{"line":124,"column":4}},"28":{"start":{"line":126,"column":2},"end":{"line":144,"column":null}},"29":{"start":{"line":127,"column":33},"end":{"line":127,"column":72}},"30":{"start":{"line":129,"column":4},"end":{"line":135,"column":null}},"31":{"start":{"line":134,"column":6},"end":{"line":134,"column":64}},"32":{"start":{"line":137,"column":4},"end":{"line":139,"column":7}},"33":{"start":{"line":141,"column":4},"end":{"line":141,"column":43}},"34":{"start":{"line":143,"column":4},"end":{"line":143,"column":57}},"35":{"start":{"line":98,"column":13},"end":{"line":98,"column":34}},"36":{"start":{"line":153,"column":34},"end":{"line":161,"column":1}},"37":{"start":{"line":154,"column":2},"end":{"line":160,"column":null}},"38":{"start":{"line":155,"column":25},"end":{"line":155,"column":70}},"39":{"start":{"line":157,"column":4},"end":{"line":157,"column":47}},"40":{"start":{"line":159,"column":4},"end":{"line":159,"column":57}},"41":{"start":{"line":153,"column":13},"end":{"line":153,"column":34}}},"fnMap":{"0":{"name":"(anonymous_0)","decl":{"start":{"line":22,"column":31},"end":{"line":22,"column":36}},"loc":{"start":{"line":22,"column":67},"end":{"line":58,"column":1}}},"1":{"name":"(anonymous_1)","decl":{"start":{"line":66,"column":31},"end":{"line":66,"column":36}},"loc":{"start":{"line":66,"column":61},"end":{"line":74,"column":1}}},"2":{"name":"(anonymous_2)","decl":{"start":{"line":81,"column":34},"end":{"line":81,"column":39}},"loc":{"start":{"line":81,"column":45},"end":{"line":89,"column":1}}},"3":{"name":"(anonymous_3)","decl":{"start":{"line":98,"column":34},"end":{"line":98,"column":39}},"loc":{"start":{"line":101,"column":4},"end":{"line":145,"column":1}}},"4":{"name":"(anonymous_4)","decl":{"start":{"line":153,"column":34},"end":{"line":153,"column":39}},"loc":{"start":{"line":153,"column":64},"end":{"line":161,"column":1}}}},"branchMap":{"0":{"loc":{"start":{"line":48,"column":4},"end":{"line":50,"column":null}},"type":"if","locations":[{"start":{"line":48,"column":4},"end":{"line":50,"column":null}}]},"1":{"loc":{"start":{"line":129,"column":4},"end":{"line":135,"column":null}},"type":"if","locations":[{"start":{"line":129,"column":4},"end":{"line":135,"column":null}}]},"2":{"loc":{"start":{"line":130,"column":6},"end":{"line":132,"column":54}},"type":"binary-expr","locations":[{"start":{"line":130,"column":6},"end":{"line":130,"column":33}},{"start":{"line":131,"column":7},"end":{"line":131,"column":40}},{"start":{"line":132,"column":8},"end":{"line":132,"column":53}}]}},"s":{"0":4,"1":4,"2":4,"3":3,"4":3,"5":3,"6":3,"7":2,"8":1,"9":1,"10":1,"11":1,"12":4,"13":4,"14":2,"15":2,"16":1,"17":1,"18":4,"19":4,"20":2,"21":2,"22":1,"23":1,"24":4,"25":4,"26":3,"27":3,"28":3,"29":3,"30":2,"31":1,"32":1,"33":1,"34":1,"35":4,"36":4,"37":2,"38":2,"39":1,"40":1,"41":4},"f":{"0":3,"1":2,"2":2,"3":3,"4":2},"b":{"0":[1],"1":[1],"2":[2,1,0]}}
,"/home/ishwargautam/Desktop/Assignments/Practitioner_Profile_Management/server/src/services/user.service.ts": {"path":"/home/ishwargautam/Desktop/Assignments/Practitioner_Profile_Management/server/src/services/user.service.ts","statementMap":{"0":{"start":{"line":1,"column":0},"end":{"line":1,"column":28}},"1":{"start":{"line":2,"column":0},"end":{"line":2,"column":31}},"2":{"start":{"line":3,"column":0},"end":{"line":3,"column":36}},"3":{"start":{"line":4,"column":0},"end":{"line":4,"column":40}},"4":{"start":{"line":5,"column":0},"end":{"line":5,"column":49}},"5":{"start":{"line":6,"column":0},"end":{"line":6,"column":54}},"6":{"start":{"line":7,"column":0},"end":{"line":7,"column":56}},"7":{"start":{"line":8,"column":0},"end":{"line":8,"column":null}},"8":{"start":{"line":36,"column":26},"end":{"line":72,"column":1}},"9":{"start":{"line":37,"column":30},"end":{"line":37,"column":37}},"10":{"start":{"line":39,"column":2},"end":{"line":71,"column":null}},"11":{"start":{"line":40,"column":25},"end":{"line":40,"column":59}},"12":{"start":{"line":42,"column":4},"end":{"line":44,"column":null}},"13":{"start":{"line":43,"column":6},"end":{"line":43,"column":51}},"14":{"start":{"line":46,"column":26},"end":{"line":46,"column":79}},"15":{"start":{"line":48,"column":4},"end":{"line":50,"column":null}},"16":{"start":{"line":49,"column":6},"end":{"line":49,"column":55}},"17":{"start":{"line":52,"column":24},"end":{"line":55,"column":null}},"18":{"start":{"line":58,"column":25},"end":{"line":61,"column":null}},"19":{"start":{"line":64,"column":4},"end":{"line":68,"column":7}},"20":{"start":{"line":70,"column":4},"end":{"line":70,"column":57}},"21":{"start":{"line":36,"column":13},"end":{"line":36,"column":26}},"22":{"start":{"line":80,"column":26},"end":{"line":114,"column":1}},"23":{"start":{"line":81,"column":40},"end":{"line":81,"column":47}},"24":{"start":{"line":83,"column":2},"end":{"line":113,"column":null}},"25":{"start":{"line":84,"column":25},"end":{"line":84,"column":59}},"26":{"start":{"line":86,"column":4},"end":{"line":88,"column":null}},"27":{"start":{"line":87,"column":6},"end":{"line":87,"column":56}},"28":{"start":{"line":90,"column":27},"end":{"line":90,"column":58}},"29":{"start":{"line":92,"column":21},"end":{"line":96,"column":6}},"30":{"start":{"line":98,"column":24},"end":{"line":101,"column":null}},"31":{"start":{"line":104,"column":25},"end":{"line":107,"column":null}},"32":{"start":{"line":110,"column":4},"end":{"line":110,"column":78}},"33":{"start":{"line":112,"column":4},"end":{"line":112,"column":57}},"34":{"start":{"line":80,"column":13},"end":{"line":80,"column":26}},"35":{"start":{"line":120,"column":24},"end":{"line":128,"column":1}},"36":{"start":{"line":121,"column":2},"end":{"line":127,"column":null}},"37":{"start":{"line":122,"column":18},"end":{"line":122,"column":40}},"38":{"start":{"line":124,"column":4},"end":{"line":124,"column":33}},"39":{"start":{"line":126,"column":4},"end":{"line":126,"column":57}},"40":{"start":{"line":120,"column":13},"end":{"line":120,"column":24}},"41":{"start":{"line":136,"column":26},"end":{"line":151,"column":1}},"42":{"start":{"line":137,"column":2},"end":{"line":150,"column":null}},"43":{"start":{"line":138,"column":4},"end":{"line":143,"column":null}},"44":{"start":{"line":142,"column":6},"end":{"line":142,"column":66}},"45":{"start":{"line":145,"column":17},"end":{"line":145,"column":66}},"46":{"start":{"line":147,"column":4},"end":{"line":147,"column":39}},"47":{"start":{"line":149,"column":4},"end":{"line":149,"column":57}},"48":{"start":{"line":136,"column":13},"end":{"line":136,"column":26}},"49":{"start":{"line":159,"column":31},"end":{"line":183,"column":1}},"50":{"start":{"line":160,"column":2},"end":{"line":182,"column":null}},"51":{"start":{"line":161,"column":21},"end":{"line":161,"column":55}},"52":{"start":{"line":163,"column":4},"end":{"line":179,"column":null}},"53":{"start":{"line":164,"column":27},"end":{"line":164,"column":50}},"54":{"start":{"line":166,"column":6},"end":{"line":166,"column":78}},"55":{"start":{"line":168,"column":6},"end":{"line":172,"column":8}},"56":{"start":{"line":174,"column":6},"end":{"line":176,"column":9}},"57":{"start":{"line":178,"column":6},"end":{"line":178,"column":61}},"58":{"start":{"line":181,"column":4},"end":{"line":181,"column":57}},"59":{"start":{"line":159,"column":13},"end":{"line":159,"column":31}},"60":{"start":{"line":193,"column":30},"end":{"line":223,"column":1}},"61":{"start":{"line":198,"column":2},"end":{"line":222,"column":null}},"62":{"start":{"line":199,"column":24},"end":{"line":209,"column":null}},"63":{"start":{"line":212,"column":24},"end":{"line":217,"column":6}},"64":{"start":{"line":219,"column":4},"end":{"line":219,"column":38}},"65":{"start":{"line":221,"column":4},"end":{"line":221,"column":57}},"66":{"start":{"line":232,"column":30},"end":{"line":252,"column":1}},"67":{"start":{"line":233,"column":2},"end":{"line":251,"column":null}},"68":{"start":{"line":234,"column":17},"end":{"line":234,"column":51}},"69":{"start":{"line":236,"column":4},"end":{"line":248,"column":null}},"70":{"start":{"line":237,"column":32},"end":{"line":237,"column":63}},"71":{"start":{"line":239,"column":6},"end":{"line":243,"column":8}},"72":{"start":{"line":245,"column":6},"end":{"line":245,"column":73}},"73":{"start":{"line":247,"column":6},"end":{"line":247,"column":58}},"74":{"start":{"line":250,"column":4},"end":{"line":250,"column":57}},"75":{"start":{"line":232,"column":13},"end":{"line":232,"column":30}}},"fnMap":{"0":{"name":"(anonymous_1)","decl":{"start":{"line":36,"column":26},"end":{"line":36,"column":31}},"loc":{"start":{"line":36,"column":57},"end":{"line":72,"column":1}}},"1":{"name":"(anonymous_2)","decl":{"start":{"line":80,"column":26},"end":{"line":80,"column":31}},"loc":{"start":{"line":80,"column":57},"end":{"line":114,"column":1}}},"2":{"name":"(anonymous_3)","decl":{"start":{"line":120,"column":24},"end":{"line":120,"column":29}},"loc":{"start":{"line":120,"column":35},"end":{"line":128,"column":1}}},"3":{"name":"(anonymous_4)","decl":{"start":{"line":136,"column":26},"end":{"line":136,"column":31}},"loc":{"start":{"line":136,"column":62},"end":{"line":151,"column":1}}},"4":{"name":"(anonymous_5)","decl":{"start":{"line":159,"column":31},"end":{"line":159,"column":36}},"loc":{"start":{"line":159,"column":55},"end":{"line":183,"column":1}}},"5":{"name":"(anonymous_6)","decl":{"start":{"line":193,"column":30},"end":{"line":193,"column":35}},"loc":{"start":{"line":197,"column":4},"end":{"line":223,"column":1}}},"6":{"name":"(anonymous_7)","decl":{"start":{"line":232,"column":30},"end":{"line":232,"column":35}},"loc":{"start":{"line":232,"column":72},"end":{"line":252,"column":1}}}},"branchMap":{"0":{"loc":{"start":{"line":42,"column":4},"end":{"line":44,"column":null}},"type":"if","locations":[{"start":{"line":42,"column":4},"end":{"line":44,"column":null}}]},"1":{"loc":{"start":{"line":48,"column":4},"end":{"line":50,"column":null}},"type":"if","locations":[{"start":{"line":48,"column":4},"end":{"line":50,"column":null}}]},"2":{"loc":{"start":{"line":86,"column":4},"end":{"line":88,"column":null}},"type":"if","locations":[{"start":{"line":86,"column":4},"end":{"line":88,"column":null}}]},"3":{"loc":{"start":{"line":138,"column":4},"end":{"line":143,"column":null}},"type":"if","locations":[{"start":{"line":138,"column":4},"end":{"line":143,"column":null}}]},"4":{"loc":{"start":{"line":139,"column":6},"end":{"line":140,"column":41}},"type":"binary-expr","locations":[{"start":{"line":139,"column":6},"end":{"line":139,"column":41}},{"start":{"line":140,"column":6},"end":{"line":140,"column":41}}]},"5":{"loc":{"start":{"line":163,"column":4},"end":{"line":179,"column":null}},"type":"if","locations":[{"start":{"line":163,"column":4},"end":{"line":179,"column":null}},{"start":{"line":177,"column":11},"end":{"line":179,"column":null}}]},"6":{"loc":{"start":{"line":236,"column":4},"end":{"line":248,"column":null}},"type":"if","locations":[{"start":{"line":236,"column":4},"end":{"line":248,"column":null}},{"start":{"line":246,"column":11},"end":{"line":248,"column":null}}]}},"s":{"0":6,"1":6,"2":6,"3":6,"4":6,"5":6,"6":6,"7":6,"8":6,"9":4,"10":4,"11":4,"12":3,"13":1,"14":2,"15":2,"16":1,"17":1,"18":1,"19":1,"20":1,"21":6,"22":6,"23":3,"24":3,"25":3,"26":2,"27":1,"28":1,"29":1,"30":1,"31":1,"32":1,"33":1,"34":6,"35":6,"36":2,"37":2,"38":1,"39":1,"40":6,"41":6,"42":3,"43":3,"44":1,"45":2,"46":1,"47":1,"48":6,"49":6,"50":3,"51":3,"52":2,"53":1,"54":1,"55":1,"56":1,"57":1,"58":1,"59":6,"60":6,"61":1,"62":1,"63":1,"64":1,"65":1,"66":6,"67":3,"68":3,"69":2,"70":1,"71":1,"72":1,"73":1,"74":1,"75":6},"f":{"0":4,"1":3,"2":2,"3":3,"4":3,"5":1,"6":3},"b":{"0":[1],"1":[1],"2":[1],"3":[1],"4":[3,2],"5":[1,1],"6":[1,1]}}
,"/home/ishwargautam/Desktop/Assignments/Practitioner_Profile_Management/server/src/utils/error.ts": {"path":"/home/ishwargautam/Desktop/Assignments/Practitioner_Profile_Management/server/src/utils/error.ts","statementMap":{"0":{"start":{"line":1,"column":13},"end":{"line":46,"column":2}},"1":{"start":{"line":3,"column":4},"end":{"line":8,"column":6}},"2":{"start":{"line":12,"column":4},"end":{"line":17,"column":6}},"3":{"start":{"line":21,"column":4},"end":{"line":26,"column":6}},"4":{"start":{"line":30,"column":4},"end":{"line":35,"column":6}},"5":{"start":{"line":39,"column":4},"end":{"line":44,"column":6}},"6":{"start":{"line":48,"column":13},"end":{"line":69,"column":2}},"7":{"start":{"line":50,"column":4},"end":{"line":53,"column":6}},"8":{"start":{"line":57,"column":4},"end":{"line":60,"column":6}},"9":{"start":{"line":64,"column":4},"end":{"line":67,"column":6}}},"fnMap":{"0":{"name":"(anonymous_0)","decl":{"start":{"line":2,"column":11},"end":{"line":2,"column":12}},"loc":{"start":{"line":2,"column":31},"end":{"line":9,"column":3}}},"1":{"name":"(anonymous_1)","decl":{"start":{"line":11,"column":13},"end":{"line":11,"column":14}},"loc":{"start":{"line":11,"column":33},"end":{"line":18,"column":3}}},"2":{"name":"(anonymous_2)","decl":{"start":{"line":20,"column":12},"end":{"line":20,"column":13}},"loc":{"start":{"line":20,"column":32},"end":{"line":27,"column":3}}},"3":{"name":"(anonymous_3)","decl":{"start":{"line":29,"column":12},"end":{"line":29,"column":13}},"loc":{"start":{"line":29,"column":32},"end":{"line":36,"column":3}}},"4":{"name":"(anonymous_4)","decl":{"start":{"line":38,"column":14},"end":{"line":38,"column":15}},"loc":{"start":{"line":38,"column":34},"end":{"line":45,"column":3}}},"5":{"name":"(anonymous_5)","decl":{"start":{"line":49,"column":6},"end":{"line":49,"column":7}},"loc":{"start":{"line":49,"column":23},"end":{"line":54,"column":3}}},"6":{"name":"(anonymous_6)","decl":{"start":{"line":56,"column":11},"end":{"line":56,"column":12}},"loc":{"start":{"line":56,"column":28},"end":{"line":61,"column":3}}},"7":{"name":"(anonymous_7)","decl":{"start":{"line":63,"column":12},"end":{"line":63,"column":13}},"loc":{"start":{"line":63,"column":29},"end":{"line":68,"column":3}}}},"branchMap":{},"s":{"0":11,"1":3,"2":2,"3":2,"4":3,"5":12,"6":11,"7":7,"8":3,"9":3},"f":{"0":3,"1":2,"2":2,"3":3,"4":12,"5":7,"6":3,"7":3},"b":{}}
}
