TN:
SF:src/apiConfig.ts
FNF:0
FNH:0
DA:1,7
DA:2,7
DA:3,7
DA:5,7
DA:7,7
DA:8,7
DA:9,7
DA:10,7
DA:11,7
DA:12,7
LF:10
LH:10
BRDA:4,0,0,7
BRDA:4,0,1,6
BRDA:6,1,0,7
BRDA:6,1,1,6
BRF:4
BRH:4
end_of_record
TN:
SF:src/models/practitioner.model.ts
FNF:0
FNH:0
DA:1,4
DA:3,4
DA:43,4
LF:3
LH:3
BRF:0
BRH:0
end_of_record
TN:
SF:src/models/user.model.ts
FNF:0
FNH:0
DA:1,6
DA:3,6
DA:24,6
LF:3
LH:3
BRF:0
BRH:0
end_of_record
TN:
SF:src/services/practitioner.service.ts
FN:22,(anonymous_0)
FN:66,(anonymous_1)
FN:81,(anonymous_2)
FN:98,(anonymous_3)
FN:153,(anonymous_4)
FNF:5
FNH:5
FNDA:3,(anonymous_0)
FNDA:2,(anonymous_1)
FNDA:2,(anonymous_2)
FNDA:3,(anonymous_3)
FNDA:2,(anonymous_4)
DA:1,4
DA:2,4
DA:22,4
DA:32,3
DA:34,3
DA:45,3
DA:46,3
DA:48,2
DA:49,1
DA:52,1
DA:54,1
DA:56,1
DA:66,4
DA:67,2
DA:68,2
DA:70,1
DA:72,1
DA:81,4
DA:82,2
DA:83,2
DA:85,1
DA:87,1
DA:98,4
DA:112,3
DA:114,3
DA:126,3
DA:127,3
DA:129,2
DA:134,1
DA:137,1
DA:141,1
DA:143,1
DA:153,4
DA:154,2
DA:155,2
DA:157,1
DA:159,1
LF:37
LH:37
BRDA:48,0,0,1
BRDA:129,1,0,1
BRDA:130,2,0,2
BRDA:130,2,1,1
BRDA:130,2,2,0
BRF:5
BRH:4
end_of_record
TN:
SF:src/services/user.service.ts
FN:36,(anonymous_1)
FN:80,(anonymous_2)
FN:120,(anonymous_3)
FN:136,(anonymous_4)
FN:159,(anonymous_5)
FN:193,(anonymous_6)
FN:232,(anonymous_7)
FNF:7
FNH:7
FNDA:4,(anonymous_1)
FNDA:3,(anonymous_2)
FNDA:2,(anonymous_3)
FNDA:3,(anonymous_4)
FNDA:3,(anonymous_5)
FNDA:1,(anonymous_6)
FNDA:3,(anonymous_7)
DA:1,6
DA:2,6
DA:3,6
DA:4,6
DA:5,6
DA:6,6
DA:7,6
DA:8,6
DA:36,6
DA:37,4
DA:39,4
DA:40,4
DA:42,3
DA:43,1
DA:46,2
DA:48,2
DA:49,1
DA:52,1
DA:58,1
DA:64,1
DA:70,1
DA:80,6
DA:81,3
DA:83,3
DA:84,3
DA:86,2
DA:87,1
DA:90,1
DA:92,1
DA:98,1
DA:104,1
DA:110,1
DA:112,1
DA:120,6
DA:121,2
DA:122,2
DA:124,1
DA:126,1
DA:136,6
DA:137,3
DA:138,3
DA:142,1
DA:145,2
DA:147,1
DA:149,1
DA:159,6
DA:160,3
DA:161,3
DA:163,2
DA:164,1
DA:166,1
DA:168,1
DA:174,1
DA:178,1
DA:181,1
DA:193,6
DA:198,1
DA:199,1
DA:212,1
DA:219,1
DA:221,1
DA:232,6
DA:233,3
DA:234,3
DA:236,2
DA:237,1
DA:239,1
DA:245,1
DA:247,1
DA:250,1
LF:70
LH:70
BRDA:42,0,0,1
BRDA:48,1,0,1
BRDA:86,2,0,1
BRDA:138,3,0,1
BRDA:139,4,0,3
BRDA:139,4,1,2
BRDA:163,5,0,1
BRDA:163,5,1,1
BRDA:236,6,0,1
BRDA:236,6,1,1
BRF:10
BRH:10
end_of_record
TN:
SF:src/utils/error.ts
FN:2,(anonymous_0)
FN:11,(anonymous_1)
FN:20,(anonymous_2)
FN:29,(anonymous_3)
FN:38,(anonymous_4)
FN:49,(anonymous_5)
FN:56,(anonymous_6)
FN:63,(anonymous_7)
FNF:8
FNH:8
FNDA:3,(anonymous_0)
FNDA:2,(anonymous_1)
FNDA:2,(anonymous_2)
FNDA:3,(anonymous_3)
FNDA:12,(anonymous_4)
FNDA:7,(anonymous_5)
FNDA:3,(anonymous_6)
FNDA:3,(anonymous_7)
DA:1,11
DA:3,3
DA:12,2
DA:21,2
DA:30,3
DA:39,12
DA:48,11
DA:50,7
DA:57,3
DA:64,3
LF:10
LH:10
BRF:0
BRH:0
end_of_record
